<?xml version="1.0" encoding="UTF-8"?>
<!-- Generated by org.testng.reporters.JUnitXMLReporter -->
<testsuite hostname="HD1AB2KY78F1DTO" name="Test" tests="1" failures="1" timestamp="9 Sep 2018 09:18:14 GMT" time="9.321" errors="0">
  <testcase name="test1" time="1.878" classname="SeleniumTest.com.delta.test.Test1">
    <failure type="java.lang.ArithmeticException" message="/ by zero">
      <![CDATA[java.lang.ArithmeticException: / by zero
	at SeleniumTest.com.delta.test.Test1.test1(Test1.java:25)
... Removed 24 stack frames]]>
    </failure>
  </testcase> <!-- test1 -->
</testsuite> <!-- Test -->
